<?xml version="1.0" encoding="UTF-8"?>
<!-- Generated by org.testng.reporters.JUnitReportReporter -->
<testsuite skipped="0" hostname="DESKTOP-BO320VM" name="com.wordpress.post.Post_01_CreateViewEditDeletedPost" tests="1" failures="0" timestamp="13 Aug 2020 08:33:55 GMT" time="50.866" errors="0">
  <testcase name="Post_01_Creat_New_Post_At_Admin_Page" time="50.866" classname="com.wordpress.post.Post_01_CreateViewEditDeletedPost"/>
</testsuite> <!-- com.wordpress.post.Post_01_CreateViewEditDeletedPost -->
